
> tth-dashboard-webchat-cskh@0.0.1 dev
> vite --host 127.0.0.1 --port 5173


  [32m[1mVITE[22m v6.3.5[39m  [2mready in [0m[1m1620[22m[2m[0m ms[22m

  [32m➜[39m  [1mLocal[22m:   [36mhttp://127.0.0.1:[1m5173[22m/[39m
[2m11:37:56 AM[22m [36m[1m[vite][22m[39m [90m[2m(client)[22m[39m [32mhmr update [39m[2m/@fs/D:\WebChat_Project\TTH_Dashboard-Webchat-CSKH\src\app\components\FilterPanel.tsx, /src/styles/index.css[22m
[2m1:58:26 PM[22m [36m[1m[vite][22m[39m [90m[2m(client)[22m[39m [32mhmr update [39m[2m/src/app/context/AuthContext.tsx, /src/styles/index.css[22m
[2m1:58:27 PM[22m [36m[1m[vite][22m[39m [90m[2m(client)[22m[39m [33mhmr invalidate [39m[2m/src/app/context/AuthContext.tsx[22m Could not Fast Refresh ("useAuth" export is incompatible). Learn more at https://github.com/vitejs/vite-plugin-react/tree/main/packages/plugin-react#consistent-components-exports
[2m1:58:27 PM[22m [36m[1m[vite][22m[39m [90m[2m(client)[22m[39m [32mhmr update [39m[2m/src/app/App.tsx, /src/styles/index.css, /src/app/components/Sidebar.tsx, /src/app/components/screens/UrgentCenter.tsx, /src/app/components/Header.tsx, /src/app/components/screens/Settings.tsx, /src/app/components/screens/Login.tsx, /src/app/components/screens/PersonalInfo.tsx, /src/app/components/screens/MyWorkspace.tsx, /src/app/components/screens/FAQ.tsx, /src/app/components/screens/SheetChatbot.tsx, /@fs/D:\WebChat_Project\TTH_Dashboard-Webchat-CSKH\src\app\components\screens\UserManagement.tsx[22m
[2m1:58:46 PM[22m [36m[1m[vite][22m[39m [90m[2m(client)[22m[39m [32mhmr update [39m[2m/src/app/components/screens/Login.tsx, /src/styles/index.css[22m
[2m2:00:02 PM[22m [36m[1m[vite][22m[39m [90m[2m(client)[22m[39m [32mhmr update [39m[2m/src/app/context/AuthContext.tsx, /src/styles/index.css[22m
[2m2:00:03 PM[22m [36m[1m[vite][22m[39m [90m[2m(client)[22m[39m [33mhmr invalidate [39m[2m/src/app/context/AuthContext.tsx[22m Could not Fast Refresh ("useAuth" export is incompatible). Learn more at https://github.com/vitejs/vite-plugin-react/tree/main/packages/plugin-react#consistent-components-exports
[2m2:00:03 PM[22m [36m[1m[vite][22m[39m [90m[2m(client)[22m[39m [32mhmr update [39m[2m/src/app/App.tsx, /src/styles/index.css, /src/app/components/Sidebar.tsx, /src/app/components/screens/UrgentCenter.tsx, /src/app/components/Header.tsx, /src/app/components/screens/Settings.tsx, /src/app/components/screens/Login.tsx, /src/app/components/screens/PersonalInfo.tsx, /src/app/components/screens/MyWorkspace.tsx, /src/app/components/screens/FAQ.tsx, /src/app/components/screens/SheetChatbot.tsx, /@fs/D:\WebChat_Project\TTH_Dashboard-Webchat-CSKH\src\app\components\screens\UserManagement.tsx[22m
[2m2:11:51 PM[22m [36m[1m[vite][22m[39m [90m[2m(client)[22m[39m [32mhmr update [39m[2m/@fs/D:\WebChat_Project\TTH_Dashboard-Webchat-CSKH\src\app\components\FilterPanel.tsx, /src/styles/index.css[22m
[2m2:14:50 PM[22m [36m[1m[vite][22m[39m [90m[2m(client)[22m[39m [32mhmr update [39m[2m/@fs/D:\WebChat_Project\TTH_Dashboard-Webchat-CSKH\src\app\components\FilterPanel.tsx, /src/styles/index.css[22m
[2m2:15:07 PM[22m [36m[1m[vite][22m[39m [90m[2m(client)[22m[39m [32mhmr update [39m[2m/src/app/App.tsx, /src/styles/index.css[22m
[2m2:15:28 PM[22m [36m[1m[vite][22m[39m [90m[2m(client)[22m[39m [32mhmr update [39m[2m/src/styles/index.css[22m
[2m2:15:44 PM[22m [36m[1m[vite][22m[39m [90m[2m(client)[22m[39m [32mhmr update [39m[2m/src/styles/index.css[22m
[2m2:21:20 PM[22m [36m[1m[vite][22m[39m [90m[2m(client)[22m[39m [32mhmr update [39m[2m/src/app/components/screens/Overview.tsx, /src/styles/index.css[22m
[2m2:21:45 PM[22m [36m[1m[vite][22m[39m [90m[2m(client)[22m[39m [32mhmr update [39m[2m/@fs/D:\WebChat_Project\TTH_Dashboard-Webchat-CSKH\src\app\components\FilterPanel.tsx, /src/styles/index.css[22m
[2m2:22:02 PM[22m [36m[1m[vite][22m[39m [90m[2m(client)[22m[39m [32mhmr update [39m[2m/src/styles/index.css[22m
[2m2:23:04 PM[22m [36m[1m[vite][22m[39m [90m[2m(client)[22m[39m [32m✨ new dependencies optimized: [33mhtml2canvas, jspdf[32m[39m
[2m2:23:04 PM[22m [36m[1m[vite][22m[39m [90m[2m(client)[22m[39m [32m✨ optimized dependencies changed. reloading[39m
[2m2:24:02 PM[22m [36m[1m[vite][22m[39m [90m[2m(client)[22m[39m [32mhmr update [39m[2m/@fs/D:\WebChat_Project\TTH_Dashboard-Webchat-CSKH\src\app\components\FilterPanel.tsx, /src/styles/index.css[22m
[2m2:24:35 PM[22m [36m[1m[vite][22m[39m [90m[2m(client)[22m[39m [32mhmr update [39m[2m/src/app/components/screens/Overview.tsx, /src/styles/index.css[22m
[2m2:26:00 PM[22m [36m[1m[vite][22m[39m [90m[2m(client)[22m[39m [32mhmr update [39m[2m/src/app/components/screens/Overview.tsx, /src/styles/index.css[22m
[2m2:26:42 PM[22m [36m[1m[vite][22m[39m [90m[2m(client)[22m[39m [32mhmr update [39m[2m/src/app/components/screens/Overview.tsx, /src/styles/index.css[22m
[2m2:26:53 PM[22m [36m[1m[vite][22m[39m [90m[2m(client)[22m[39m [32mhmr update [39m[2m/src/styles/index.css[22m
[2m2:29:05 PM[22m [36m[1m[vite][22m[39m [90m[2m(client)[22m[39m [32mhmr update [39m[2m/src/app/components/screens/Overview.tsx, /src/styles/index.css[22m
[2m2:29:06 PM[22m [36m[1m[vite][22m[39m [90m[2m(client)[22m[39m [32mhmr update [39m[2m/src/app/components/screens/Overview.tsx, /src/styles/index.css[22m
